<?xml version="1.0" encoding="UTF-8"?>
<testng-results ignored="0" total="1" passed="1" failed="0" skipped="0">
  <reporter-output>
  </reporter-output>
  <suite started-at="2023-12-11T14:21:43 IST" name="Default suite" finished-at="2023-12-11T14:24:23 IST" duration-ms="160344">
    <groups>
    </groups>
    <test started-at="2023-12-11T14:21:43 IST" name="Default test" finished-at="2023-12-11T14:24:23 IST" duration-ms="160344">
      <class name="Execution.sunglass">
        <test-method signature="login()[pri:0, instance:Execution.sunglass@fbd1f6]" started-at="2023-12-11T14:21:43 IST" name="login" finished-at="2023-12-11T14:24:23 IST" duration-ms="160241" status="PASS">
          <reporter-output>
          </reporter-output>
        </test-method> <!-- login -->
      </class> <!-- Execution.sunglass -->
    </test> <!-- Default test -->
  </suite> <!-- Default suite -->
</testng-results>
